gcc -Wall -Wextra -Werror -g3 -Iincludes -Ilibft -Ilibft/ft_dprintf -Ilibft/gnl -c src/shell/shell_modes.c -o obj/src/shell/shell_modes.o
gcc -Wall -Wextra -Werror -g3 -Iincludes -Ilibft -Ilibft/ft_dprintf -Ilibft/gnl -c src/shell/handle_help_version.c -o obj/src/shell/handle_help_version.o
gcc -Wall -Wextra -Werror -g3 -Iincludes -Ilibft -Ilibft/ft_dprintf -Ilibft/gnl -c src/shell/shell_exec.c -o obj/src/shell/shell_exec.o
gcc -Wall -Wextra -Werror -g3 -Iincludes -Ilibft -Ilibft/ft_dprintf -Ilibft/gnl -c src/shell/cleanup_shell.c -o obj/src/shell/cleanup_shell.o
gcc -Wall -Wextra -Werror -g3 -Iincludes -Ilibft -Ilibft/ft_dprintf -Ilibft/gnl -c src/shell/run_interactive.c -o obj/src/shell/run_interactive.o
gcc -Wall -Wextra -Werror -g3 -Iincludes -Ilibft -Ilibft/ft_dprintf -Ilibft/gnl -c src/shell/init_shell.c -o obj/src/shell/init_shell.o
gcc -Wall -Wextra -Werror -g3 -Iincludes -Ilibft -Ilibft/ft_dprintf -Ilibft/gnl -c src/env/init_env_list.c -o obj/src/env/init_env_list.o
gcc -Wall -Wextra -Werror -g3 -Iincludes -Ilibft -Ilibft/ft_dprintf -Ilibft/gnl -c src/env/free_env_list.c -o obj/src/env/free_env_list.o
gcc -Wall -Wextra -Werror -g3 -Iincludes -Ilibft -Ilibft/ft_dprintf -Ilibft/gnl -c src/lexer/lexer_get_opertator.c -o obj/src/lexer/lexer_get_opertator.o
gcc -Wall -Wextra -Werror -g3 -Iincludes -Ilibft -Ilibft/ft_dprintf -Ilibft/gnl -c src/lexer/lexer_get_word.c -o obj/src/lexer/lexer_get_word.o
gcc -Wall -Wextra -Werror -g3 -Iincludes -Ilibft -Ilibft/ft_dprintf -Ilibft/gnl -c src/lexer/lexer.c -o obj/src/lexer/lexer.o
gcc -Wall -Wextra -Werror -g3 -Iincludes -Ilibft -Ilibft/ft_dprintf -Ilibft/gnl -c src/lexer/lexer_utils.c -o obj/src/lexer/lexer_utils.o
gcc -Wall -Wextra -Werror -g3 -Iincludes -Ilibft -Ilibft/ft_dprintf -Ilibft/gnl -c src/lexer/lexer_types.c -o obj/src/lexer/lexer_types.o
gcc -Wall -Wextra -Werror -g3 -Iincludes -Ilibft -Ilibft/ft_dprintf -Ilibft/gnl -c src/lexer/lexer_get_quoted.c -o obj/src/lexer/lexer_get_quoted.o
gcc -Wall -Wextra -Werror -g3 -Iincludes -Ilibft -Ilibft/ft_dprintf -Ilibft/gnl -c src/signals/handle_signals.c -o obj/src/signals/handle_signals.o
gcc -Wall -Wextra -Werror -g3 -Iincludes -Ilibft -Ilibft/ft_dprintf -Ilibft/gnl -c src/signals/disable_restore_vquit.c -o obj/src/signals/disable_restore_vquit.o
gcc -Wall -Wextra -Werror -g3 -Iincludes -Ilibft -Ilibft/ft_dprintf -Ilibft/gnl -c src/expand/expand_dollar.c -o obj/src/expand/expand_dollar.o
gcc -Wall -Wextra -Werror -g3 -Iincludes -Ilibft -Ilibft/ft_dprintf -Ilibft/gnl -c src/expand/handle_expand_cases.c -o obj/src/expand/handle_expand_cases.o
gcc -Wall -Wextra -Werror -g3 -Iincludes -Ilibft -Ilibft/ft_dprintf -Ilibft/gnl -c src/expand/expand.c -o obj/src/expand/expand.o
gcc -Wall -Wextra -Werror -g3 -Iincludes -Ilibft -Ilibft/ft_dprintf -Ilibft/gnl -c src/expand/calculate_expand_len.c -o obj/src/expand/calculate_expand_len.o
gcc -Wall -Wextra -Werror -g3 -Iincludes -Ilibft -Ilibft/ft_dprintf -Ilibft/gnl -c src/expand/expand_utils.c -o obj/src/expand/expand_utils.o
gcc -Wall -Wextra -Werror -g3 -Iincludes -Ilibft -Ilibft/ft_dprintf -Ilibft/gnl -c src/expand/expand_tilde.c -o obj/src/expand/expand_tilde.o
gcc -Wall -Wextra -Werror -g3 -Iincludes -Ilibft -Ilibft/ft_dprintf -Ilibft/gnl -c minishell.c -o obj/minishell.o
gcc -Wall -Wextra -Werror -g3 obj/src/shell/shell_modes.o obj/src/shell/handle_help_version.o obj/src/shell/shell_exec.o obj/src/shell/cleanup_shell.o obj/src/shell/run_interactive.o obj/src/shell/init_shell.o obj/src/env/init_env_list.o obj/src/env/free_env_list.o obj/src/lexer/lexer_get_opertator.o obj/src/lexer/lexer_get_word.o obj/src/lexer/lexer.o obj/src/lexer/lexer_utils.o obj/src/lexer/lexer_types.o obj/src/lexer/lexer_get_quoted.o obj/src/signals/handle_signals.o obj/src/signals/disable_restore_vquit.o obj/src/expand/expand_dollar.o obj/src/expand/handle_expand_cases.o obj/src/expand/expand.o obj/src/expand/calculate_expand_len.o obj/src/expand/expand_utils.o obj/src/expand/expand_tilde.o obj/minishell.o libft/ft_dprintf/libftdprintf.a libft/libft.a -o minishell -lreadline
[0;32m¡Minishell compilada y lista![0m
