gcc -Wall -Wextra -Werror -g -Iincludes -Ilibft -Ilibft/ft_dprintf -Ilibft/gnl -c src/exec/execute_command.c -o obj/src/exec/execute_command.o
gcc -Wall -Wextra -Werror -g -Iincludes -Ilibft -Ilibft/ft_dprintf -Ilibft/gnl -c src/exec/execute_and_or.c -o obj/src/exec/execute_and_or.o
gcc -Wall -Wextra -Werror -g -Iincludes -Ilibft -Ilibft/ft_dprintf -Ilibft/gnl -c src/exec/execute_fork_execve.c -o obj/src/exec/execute_fork_execve.o
gcc -Wall -Wextra -Werror -g -Iincludes -Ilibft -Ilibft/ft_dprintf -Ilibft/gnl -c src/exec/execute_builtins.c -o obj/src/exec/execute_builtins.o
gcc -Wall -Wextra -Werror -g -Iincludes -Ilibft -Ilibft/ft_dprintf -Ilibft/gnl -c src/exec/execute_ast.c -o obj/src/exec/execute_ast.o
gcc -Wall -Wextra -Werror -g -Iincludes -Ilibft -Ilibft/ft_dprintf -Ilibft/gnl -c src/exec/execute_subshell.c -o obj/src/exec/execute_subshell.o
gcc -Wall -Wextra -Werror -g -Iincludes -Ilibft -Ilibft/ft_dprintf -Ilibft/gnl -c src/exec/execute_sequence.c -o obj/src/exec/execute_sequence.o
gcc -Wall -Wextra -Werror -g -Iincludes -Ilibft -Ilibft/ft_dprintf -Ilibft/gnl -c src/exec/execute_background.c -o obj/src/exec/execute_background.o
gcc -Wall -Wextra -Werror -g -Iincludes -Ilibft -Ilibft/ft_dprintf -Ilibft/gnl -c src/exec/execute_pipe.c -o obj/src/exec/execute_pipe.o
gcc -Wall -Wextra -Werror -g -Iincludes -Ilibft -Ilibft/ft_dprintf -Ilibft/gnl -c src/exec/execute_heredocs.c -o obj/src/exec/execute_heredocs.o
gcc -Wall -Wextra -Werror -g -Iincludes -Ilibft -Ilibft/ft_dprintf -Ilibft/gnl -c src/exec/execute_script.c -o obj/src/exec/execute_script.o
gcc -Wall -Wextra -Werror -g -Iincludes -Ilibft -Ilibft/ft_dprintf -Ilibft/gnl -c src/exec/execute_one_command.c -o obj/src/exec/execute_one_command.o
gcc -Wall -Wextra -Werror -g -Iincludes -Ilibft -Ilibft/ft_dprintf -Ilibft/gnl -c src/builtins/builtins.c -o obj/src/builtins/builtins.o
gcc -Wall -Wextra -Werror -g -Iincludes -Ilibft -Ilibft/ft_dprintf -Ilibft/gnl -c src/parser/parser_background.c -o obj/src/parser/parser_background.o
gcc -Wall -Wextra -Werror -g -Iincludes -Ilibft -Ilibft/ft_dprintf -Ilibft/gnl -c src/parser/parser_simple_command.c -o obj/src/parser/parser_simple_command.o
gcc -Wall -Wextra -Werror -g -Iincludes -Ilibft -Ilibft/ft_dprintf -Ilibft/gnl -c src/parser/parser_line.c -o obj/src/parser/parser_line.o
gcc -Wall -Wextra -Werror -g -Iincludes -Ilibft -Ilibft/ft_dprintf -Ilibft/gnl -c src/parser/parser_pipeline.c -o obj/src/parser/parser_pipeline.o
gcc -Wall -Wextra -Werror -g -Iincludes -Ilibft -Ilibft/ft_dprintf -Ilibft/gnl -c src/parser/parser_simple_utils.c -o obj/src/parser/parser_simple_utils.o
gcc -Wall -Wextra -Werror -g -Iincludes -Ilibft -Ilibft/ft_dprintf -Ilibft/gnl -c src/parser/parser_and_or.c -o obj/src/parser/parser_and_or.o
gcc -Wall -Wextra -Werror -g -Iincludes -Ilibft -Ilibft/ft_dprintf -Ilibft/gnl -c src/shell/handle_help_version.c -o obj/src/shell/handle_help_version.o
gcc -Wall -Wextra -Werror -g -Iincludes -Ilibft -Ilibft/ft_dprintf -Ilibft/gnl -c src/shell/shell_exec.c -o obj/src/shell/shell_exec.o
gcc -Wall -Wextra -Werror -g -Iincludes -Ilibft -Ilibft/ft_dprintf -Ilibft/gnl -c src/shell/cleanup_shell.c -o obj/src/shell/cleanup_shell.o
gcc -Wall -Wextra -Werror -g -Iincludes -Ilibft -Ilibft/ft_dprintf -Ilibft/gnl -c src/shell/run_interactive.c -o obj/src/shell/run_interactive.o
gcc -Wall -Wextra -Werror -g -Iincludes -Ilibft -Ilibft/ft_dprintf -Ilibft/gnl -c src/shell/init_shell.c -o obj/src/shell/init_shell.o
gcc -Wall -Wextra -Werror -g -Iincludes -Ilibft -Ilibft/ft_dprintf -Ilibft/gnl -c src/env/init_env_list.c -o obj/src/env/init_env_list.o
gcc -Wall -Wextra -Werror -g -Iincludes -Ilibft -Ilibft/ft_dprintf -Ilibft/gnl -c src/env/env_array.c -o obj/src/env/env_array.o
gcc -Wall -Wextra -Werror -g -Iincludes -Ilibft -Ilibft/ft_dprintf -Ilibft/gnl -c src/env/env_modify.c -o obj/src/env/env_modify.o
gcc -Wall -Wextra -Werror -g -Iincludes -Ilibft -Ilibft/ft_dprintf -Ilibft/gnl -c src/env/env_get.c -o obj/src/env/env_get.o
gcc -Wall -Wextra -Werror -g -Iincludes -Ilibft -Ilibft/ft_dprintf -Ilibft/gnl -c src/env/env_free.c -o obj/src/env/env_free.o
gcc -Wall -Wextra -Werror -g -Iincludes -Ilibft -Ilibft/ft_dprintf -Ilibft/gnl -c src/lexer/lexer.c -o obj/src/lexer/lexer.o
gcc -Wall -Wextra -Werror -g -Iincludes -Ilibft -Ilibft/ft_dprintf -Ilibft/gnl -c src/lexer/lexer_utils.c -o obj/src/lexer/lexer_utils.o
gcc -Wall -Wextra -Werror -g -Iincludes -Ilibft -Ilibft/ft_dprintf -Ilibft/gnl -c src/lexer/lexer_types.c -o obj/src/lexer/lexer_types.o
gcc -Wall -Wextra -Werror -g -Iincludes -Ilibft -Ilibft/ft_dprintf -Ilibft/gnl -c src/signals/handle_signals.c -o obj/src/signals/handle_signals.o
gcc -Wall -Wextra -Werror -g -Iincludes -Ilibft -Ilibft/ft_dprintf -Ilibft/gnl -c src/AST/build_ast.c -o obj/src/AST/build_ast.o
gcc -Wall -Wextra -Werror -g -Iincludes -Ilibft -Ilibft/ft_dprintf -Ilibft/gnl -c src/AST/ast_utils.c -o obj/src/AST/ast_utils.o
gcc -Wall -Wextra -Werror -g -Iincludes -Ilibft -Ilibft/ft_dprintf -Ilibft/gnl -c src/AST/check_syntax.c -o obj/src/AST/check_syntax.o
gcc -Wall -Wextra -Werror -g -Iincludes -Ilibft -Ilibft/ft_dprintf -Ilibft/gnl -c src/expand/expand.c -o obj/src/expand/expand.o
gcc -Wall -Wextra -Werror -g -Iincludes -Ilibft -Ilibft/ft_dprintf -Ilibft/gnl -c src/expand/expand_utils.c -o obj/src/expand/expand_utils.o
gcc -Wall -Wextra -Werror -g -Iincludes -Ilibft -Ilibft/ft_dprintf -Ilibft/gnl -c minishell.c -o obj/minishell.o
gcc -Wall -Wextra -Werror -g obj/src/exec/execute_command.o obj/src/exec/execute_and_or.o obj/src/exec/execute_fork_execve.o obj/src/exec/execute_builtins.o obj/src/exec/execute_ast.o obj/src/exec/execute_subshell.o obj/src/exec/execute_sequence.o obj/src/exec/execute_background.o obj/src/exec/execute_pipe.o obj/src/exec/execute_heredocs.o obj/src/exec/execute_script.o obj/src/exec/execute_one_command.o obj/src/builtins/builtins.o obj/src/parser/parser_background.o obj/src/parser/parser_simple_command.o obj/src/parser/parser_line.o obj/src/parser/parser_pipeline.o obj/src/parser/parser_simple_utils.o obj/src/parser/parser_and_or.o obj/src/shell/handle_help_version.o obj/src/shell/shell_exec.o obj/src/shell/cleanup_shell.o obj/src/shell/run_interactive.o obj/src/shell/init_shell.o obj/src/env/init_env_list.o obj/src/env/env_array.o obj/src/env/env_modify.o obj/src/env/env_get.o obj/src/env/env_free.o obj/src/lexer/lexer.o obj/src/lexer/lexer_utils.o obj/src/lexer/lexer_types.o obj/src/signals/handle_signals.o obj/src/AST/build_ast.o obj/src/AST/ast_utils.o obj/src/AST/check_syntax.o obj/src/expand/expand.o obj/src/expand/expand_utils.o obj/minishell.o libft/ft_dprintf/libftdprintf.a libft/libft.a -o minishell -lreadline
[0;32m¡Minishell compilada y lista![0m
